[debug] [2023-05-01T01:58:31.196Z] ----------------------------------------------------------------------
[debug] [2023-05-01T01:58:31.198Z] Command:       /Users/sophiapung/.nvm/versions/node/v18.8.0/bin/node /Users/sophiapung/.nvm/versions/node/v18.8.0/bin/firebase init hosting:github
[debug] [2023-05-01T01:58:31.198Z] CLI Version:   11.29.1
[debug] [2023-05-01T01:58:31.198Z] Platform:      darwin
[debug] [2023-05-01T01:58:31.198Z] Node Version:  v18.8.0
[debug] [2023-05-01T01:58:31.202Z] Time:          Sun Apr 30 2023 18:58:31 GMT-0700 (Pacific Daylight Time)
[debug] [2023-05-01T01:58:31.203Z] ----------------------------------------------------------------------
[debug] 
[debug] [2023-05-01T01:58:31.248Z] > command requires scopes: ["email","openid","https://www.googleapis.com/auth/cloudplatformprojects.readonly","https://www.googleapis.com/auth/firebase","https://www.googleapis.com/auth/cloud-platform"]
[debug] [2023-05-01T01:58:31.249Z] > authorizing via signed-in user (sophiagracepung@gmail.com)
[info] 
     ######## #### ########  ######## ########     ###     ######  ########
     ##        ##  ##     ## ##       ##     ##  ##   ##  ##       ##
     ######    ##  ########  ######   ########  #########  ######  ######
     ##        ##  ##    ##  ##       ##     ## ##     ##       ## ##
     ##       #### ##     ## ######## ########  ##     ##  ######  ########

You're about to initialize a Firebase project in this directory:

  /Users/sophiapung/Documents/Projects/WNRSxPrisonersDilemma

Before we get started, keep in mind:

  * You are initializing within an existing Firebase project directory

[info] 
=== Project Setup
[info] 
[info] First, let's associate this project directory with a Firebase project.
[info] You can create multiple project aliases by running firebase use --add, 
[info] but for now we'll just set up a default project.
[info] 
[debug] [2023-05-01T01:58:31.251Z] Using project from CLI flag: marbles-8b816
[debug] [2023-05-01T01:58:31.253Z] >>> [apiv2][query] GET https://firebase.googleapis.com/v1beta1/projects/marbles-8b816 [none]
[debug] [2023-05-01T01:58:32.177Z] <<< [apiv2][status] GET https://firebase.googleapis.com/v1beta1/projects/marbles-8b816 200
[debug] [2023-05-01T01:58:32.177Z] <<< [apiv2][body] GET https://firebase.googleapis.com/v1beta1/projects/marbles-8b816 {"projectId":"marbles-8b816","projectNumber":"340560550764","displayName":"Marbles","name":"projects/marbles-8b816","resources":{"hostingSite":"marbles-8b816"},"state":"ACTIVE","etag":"1_857dc97d-33f5-406e-a520-b820ced2cf7b"}
[info] i  Using project marbles-8b816 (Marbles) 
[info] 
=== Hosting:github Setup
[info] 
[info] i  Detected a .git folder at /Users/sophiapung/Documents/Projects/WNRSxPrisonersDilemma 
[info] i  Authorizing with GitHub to upload your service account to a GitHub repository's secrets store. 
[info] 
[info] Visit this URL on this device to log in:
[info] https://github.com/login/oauth/authorize?client_id=89cf50f02ac6aaed3484&state=90429951&redirect_uri=http%3A%2F%2Flocalhost%3A9005&scope=read%3Auser%20repo%20public_repo
[info] 
[info] Waiting for authentication...
[debug] [2023-05-01T01:58:33.760Z] >>> [apiv2][query] POST https://github.com/login/oauth/access_token [none]
[debug] [2023-05-01T01:58:33.761Z] >>> [apiv2][body] POST https://github.com/login/oauth/access_token [stream]
[debug] [2023-05-01T01:58:34.356Z] <<< [apiv2][status] POST https://github.com/login/oauth/access_token 200
[debug] [2023-05-01T01:58:34.357Z] <<< [apiv2][body] POST https://github.com/login/oauth/access_token {"access_token":"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","token_type":"bearer","scope":"read:user,repo"}
[debug] [2023-05-01T01:58:34.379Z] >>> [apiv2][query] GET https://api.github.com/user [none]
[debug] [2023-05-01T01:58:34.856Z] <<< [apiv2][status] GET https://api.github.com/user 200
[debug] [2023-05-01T01:58:34.856Z] <<< [apiv2][body] GET https://api.github.com/user {"login":"sophia-pung","id":106280743,"node_id":"U_kgDOBlW3Jw","avatar_url":"https://avatars.githubusercontent.com/u/106280743?v=4","gravatar_id":"","url":"https://api.github.com/users/sophia-pung","html_url":"https://github.com/sophia-pung","followers_url":"https://api.github.com/users/sophia-pung/followers","following_url":"https://api.github.com/users/sophia-pung/following{/other_user}","gists_url":"https://api.github.com/users/sophia-pung/gists{/gist_id}","starred_url":"https://api.github.com/users/sophia-pung/starred{/owner}{/repo}","subscriptions_url":"https://api.github.com/users/sophia-pung/subscriptions","organizations_url":"https://api.github.com/users/sophia-pung/orgs","repos_url":"https://api.github.com/users/sophia-pung/repos","events_url":"https://api.github.com/users/sophia-pung/events{/privacy}","received_events_url":"https://api.github.com/users/sophia-pung/received_events","type":"User","site_admin":false,"name":"sophia pung","company":null,"blog":"","location":null,"email":null,"hireable":null,"bio":null,"twitter_username":null,"public_repos":26,"public_gists":0,"followers":9,"following":15,"created_at":"2022-05-25T21:10:01Z","updated_at":"2023-04-11T18:32:51Z","private_gists":0,"total_private_repos":3,"owned_private_repos":3,"disk_usage":42900,"collaborators":2,"two_factor_authentication":false,"plan":{"name":"pro","space":976562499,"collaborators":0,"private_repos":9999}}
[info] 
[info] ✔  Success! Logged into GitHub as sophia-pung 
[info] 
